Arguments: 
  /usr/local/Cellar/node/8.2.0_1/bin/node /usr/local/bin/yarn

PATH: 
  /Library/Frameworks/Python/3.6/bin:/usr/local/bin:/usr/bin:/bin:/usr/sbin:/sbin:/Applications/Server.app/Contents/ServerRoot/usr/bin:/Applications/Server.app/Contents/ServerRoot/usr/sbin

Yarn version: 
  0.27.5

Node version: 
  8.2.0

Platform: 
  darwin x64

npm manifest: 
  {
    "name": "threelittlepigsmasonry.ca",
    "version": "1.0.0",
    "description": "",
    "main": "index.js",
    "dependencies": {
      "babel-loader": "^7.1.2",
      "babel-plugin-css-modules-transform": "^1.2.7",
      "babel-plugin-inline-import": "^2.0.6",
      "babel-plugin-inline-react-svg": "^0.4.0",
      "babel-plugin-wrap-in-js": "^1.1.1",
      "emoji-js": "^3.2.2",
      "emoji-picker": "0.0.7",
      "glob": "^7.1.2",
      "material-ui": "^0.19.4",
      "next": "^4.1.4",
      "postcss-loader": "^2.0.8",
      "raw-loader": "^0.5.1",
      "react": "^16.0.0",
      "react-aria-modal": "^2.11.1",
      "react-columns": "^1.1.0",
      "react-dom": "^16.0.0",
      "react-iframe": "^1.1.0",
      "react-ionicons": "^2.0.2",
      "react-lazyload": "^2.3.0",
      "react-responsive": "^3.0.0",
      "react-responsive-masonry": "^1.3.3",
      "react-slick": "^0.15.4",
      "react-swipeable-views": "^0.12.10",
      "react-tap-event-plugin": "^3.0.2",
      "styled-components": "^2.2.3",
      "autoprefixer": "7.1.5",
      "babel-plugin-module-resolver": "^2.7.1",
      "node-sass": "^4.4.0",
      "normalize.css": "^7.0.0",
      "postcss-easy-import": "^3.0.0",
      "sass-loader": "^6.0.6"
    },
    "devDependencies": {
      "babel-plugin-styled-components": "^1.3.0",
      "file-loader": "^1.1.5"
    },
    "scripts": {
      "test": "echo \"Error: no test specified\" && exit 1",
      "dev": "next"
    },
    "keywords": [],
    "author": "",
    "license": "ISC"
  }

yarn manifest: 
  No manifest

Lockfile: 
  No lockfile

Trace: 
  Error: EACCES: permission denied, mkdir '/Users/johnfritz/Library/Caches/Yarn/v1/npm-babel-plugin-inline-react-svg-0.4.0-940f77be66324f2c75a0fb64f287f459c40602a7'
